INFO:root:tilt of plane RYA-167 is -0.620504108012968
DEBUG:root:Left tilt, turning right to correct
INFO:root:tilt of plane RYA-167 is 0.9582582866542598
DEBUG:root:Right tilt, turning left to correct
INFO:root:tilt of plane RYA-167 is 3.524477912162132
DEBUG:root:Right tilt, turning left to correct
INFO:root:tilt of plane RYA-167 is -1.5014885306780088
DEBUG:root:Left tilt, turning right to correct
INFO:root:tilt of plane RYA-167 is -0.35557440365322535
DEBUG:root:Left tilt, turning right to correct
INFO:root:tilt of plane RYA-167 is 1.7368148432133066
DEBUG:root:Right tilt, turning left to correct
INFO:root:tilt of plane RYA-167 is -0.4399082279683588
DEBUG:root:Left tilt, turning right to correct
INFO:root:tilt of plane RYA-167 is 3.4052503999147246
DEBUG:root:Right tilt, turning left to correct
INFO:root:tilt of plane RYA-167 is 1.8932731635912836
DEBUG:root:Right tilt, turning left to correct
INFO:root:tilt of plane RYA-167 is 4.344166079557686
DEBUG:root:Right tilt, turning left to correct
INFO:root:tilt of plane RYA-167 is -1.0741444023607405
INFO:root:tilt of plane RYA-167 is 1.01366339191206
DEBUG:root:Left tilt, turning right to correct
DEBUG:root:Right tilt, turning left to correct
INFO:root:tilt of plane RYA-167 is -0.6227171320887417
DEBUG:root:Left tilt, turning right to correct
INFO:root:tilt of plane RYA-167 is -3.173431233866005
DEBUG:root:Left tilt, turning right to correct
INFO:root:tilt of plane RYA-167 is 1.4160662227531118
INFO:root:tilt of plane RYA-167 is -1.8404063896751097
DEBUG:root:Right tilt, turning left to correct
DEBUG:root:Left tilt, turning right to correct
INFO:root:tilt of plane RYA-167 is 2.765601549996314
INFO:root:tilt of plane RYA-167 is 2.602395442605966
DEBUG:root:Right tilt, turning left to correct
DEBUG:root:Right tilt, turning left to correct
INFO:root:tilt of plane RYA-167 is 0.14592076925461683
INFO:root:tilt of plane RYA-167 is 1.7984809114737725
DEBUG:root:Right tilt, turning left to correct
DEBUG:root:Right tilt, turning left to correct
DEBUG:root:Simulation interrupted for plane RYA-167
DEBUG:root:Simulation interrupted for plane RYA-167
